<?xml version="1.0" encoding="UTF-8"?>
<!-- Generated by org.testng.reporters.JUnitReportReporter -->
<testsuite skipped="0" hostname="DESKTOP-GOMLB3N" name="day1.FirstScript_Test" tests="1" failures="0" timestamp="2022-07-25T11:12:28 IST" time="6.482" errors="0">
  <testcase name="rediffCheckBox" time="6.482" classname="day1.FirstScript_Test"/>
  <system-out/>
</testsuite> <!-- day1.FirstScript_Test -->
