<?xml version="1.0" encoding="UTF-8"?>
<!-- Generated by org.testng.reporters.JUnitReportReporter -->
<testsuite skipped="0" hostname="DESKTOP-GOMLB3N" name="day4.ExecutePageFactory" tests="1" failures="0" timestamp="2022-07-20T16:10:17 IST" time="18.176" errors="0">
  <testcase name="demoPG" time="18.176" classname="day4.ExecutePageFactory"/>
  <system-out/>
</testsuite> <!-- day4.ExecutePageFactory -->
