<?xml version="1.0" encoding="UTF-8"?>
<!-- Generated by org.testng.reporters.JUnitReportReporter -->
<testsuite skipped="0" hostname="DESKTOP-GOMLB3N" name="day4.DemoScrSht" tests="1" failures="0" timestamp="2022-07-20T16:41:25 IST" time="7.211" errors="0">
  <testcase name="scrSht" time="7.211" classname="day4.DemoScrSht"/>
  <system-out/>
</testsuite> <!-- day4.DemoScrSht -->
