<?xml version="1.0" encoding="UTF-8"?>
<!-- Generated by org.testng.reporters.JUnitReportReporter -->
<testsuite skipped="0" hostname="DESKTOP-GOMLB3N" name="day5.GridTest1" tests="1" failures="0" timestamp="2022-07-21T17:36:21 IST" time="35.690" errors="0">
  <testcase name="first" time="35.690" classname="day5.GridTest1"/>
  <system-out/>
</testsuite> <!-- day5.GridTest1 -->
