<?xml version="1.0" encoding="UTF-8"?>
<!-- Generated by org.testng.reporters.JUnitReportReporter -->
<testsuite skipped="0" hostname="DESKTOP-GOMLB3N" name="day6.DemoExtent" tests="1" failures="0" timestamp="2022-07-26T09:45:36 IST" time="3.099" errors="0">
  <testcase name="exExtentReport" time="3.099" classname="day6.DemoExtent"/>
  <system-out/>
</testsuite> <!-- day6.DemoExtent -->
