<?xml version="1.0" encoding="UTF-8"?>
<!-- Generated by org.testng.reporters.JUnitReportReporter -->
<testsuite skipped="0" hostname="DESKTOP-GOMLB3N" name="day3.PropDemo" tests="1" failures="0" timestamp="2022-07-19T09:57:24 IST" time="13.782" errors="0">
  <testcase name="bingTest" time="13.782" classname="day3.PropDemo"/>
  <system-out/>
</testsuite> <!-- day3.PropDemo -->
