<?xml version="1.0" encoding="UTF-8"?>
<!-- Generated by org.testng.reporters.JUnitReportReporter -->
<testsuite skipped="0" hostname="DESKTOP-GOMLB3N" name="day2.DemoWindowHandling" tests="1" failures="0" timestamp="2022-07-19T17:45:53 IST" time="9.086" errors="0">
  <testcase name="f" time="9.086" classname="day2.DemoWindowHandling"/>
  <system-out/>
</testsuite> <!-- day2.DemoWindowHandling -->
