<?xml version="1.0" encoding="UTF-8"?>
<!-- Generated by org.testng.reporters.JUnitReportReporter -->
<testsuite skipped="0" hostname="DESKTOP-GOMLB3N" name="day5.GridTest3" tests="1" failures="0" timestamp="2022-07-21T17:36:21 IST" time="87.568" errors="0">
  <testcase name="third" time="87.568" classname="day5.GridTest3"/>
  <system-out/>
</testsuite> <!-- day5.GridTest3 -->
