<?xml version="1.0" encoding="UTF-8"?>
<!-- Generated by org.testng.reporters.JUnitReportReporter -->
<testsuite skipped="0" hostname="DESKTOP-GOMLB3N" name="day3.AllinProp" tests="1" failures="0" timestamp="2022-07-19T11:20:24 IST" time="26.548" errors="0">
  <testcase name="AllProp" time="26.548" classname="day3.AllinProp"/>
  <system-out/>
</testsuite> <!-- day3.AllinProp -->
