<?xml version="1.0" encoding="UTF-8"?>
<!-- Generated by org.testng.reporters.JUnitReportReporter -->
<testsuite skipped="0" hostname="DESKTOP-GOMLB3N" name="day3.FirstPropertyExg" tests="1" failures="0" timestamp="2022-07-19T09:28:36 IST" time="0.215" errors="0">
  <testcase name="propertyFileExg" time="0.215" classname="day3.FirstPropertyExg"/>
  <system-out/>
</testsuite> <!-- day3.FirstPropertyExg -->
