<?xml version="1.0" encoding="UTF-8"?>
<!-- Generated by org.testng.reporters.JUnitReportReporter -->
<testsuite skipped="0" hostname="DESKTOP-GOMLB3N" name="day1.DemoScrolling" tests="1" failures="0" timestamp="2022-07-18T12:29:44 IST" time="40.430" errors="0">
  <testcase name="scrollMethod" time="40.430" classname="day1.DemoScrolling"/>
  <system-out/>
</testsuite> <!-- day1.DemoScrolling -->
